2026-01-11 23:04:53,266 | AI_PROPHET | INFO | ============================================================
2026-01-11 23:04:53,266 | AI_PROPHET | INFO | AI PROPHET v1.0.0 - Quantum Wizard
2026-01-11 23:04:53,266 | AI_PROPHET | INFO | The Wizard with Quantum AI Thinking Capabilities
2026-01-11 23:04:53,266 | AI_PROPHET | INFO | ============================================================
2026-01-11 23:04:53,266 | AI_PROPHET | INFO | Initializing components...
2026-01-11 23:04:53,266 | AI_PROPHET | INFO | AI Prophet initialized - Accuracy is everything
2026-01-11 23:04:53,267 | AI_PROPHET | INFO | Portfolio AI_PROPHET_MASTER created with $1,000,000.00
2026-01-11 23:04:53,267 | AI_PROPHET | INFO | AI Prophet's master portfolio initialized
2026-01-11 23:04:53,267 | AI_PROPHET | INFO | Paper Trading Engine initialized with 15 tracked assets
2026-01-11 23:04:53,267 | AI_PROPHET | INFO | AI Trading Agent initialized
2026-01-11 23:04:53,267 | AI_PROPHET | INFO | Recursive Learning Engine initialized
2026-01-11 23:04:53,267 | AI_PROPHET | INFO | VertexAI Forecaster initialized for project: infinity-x-one-systems
2026-01-11 23:04:53,267 | AI_PROPHET | INFO | AutoML Engine initialized
2026-01-11 23:04:53,274 | AI_PROPHET | INFO | Timeline Simulator initialized with 25 existing simulations
2026-01-11 23:04:53,274 | AI_PROPHET | INFO | Pipeline initialized with 6 scrapers
2026-01-11 23:04:53,274 | AI_PROPHET | INFO | All components initialized
2026-01-11 23:04:53,274 | AI_PROPHET | INFO | AI Prophet initialized and ready

============================================================
AI PROPHET ACCURACY REPORT
Because accuracy is everything.
============================================================

📊 PREDICTION ACCURACY
   Overall: 0.0%
   Predictions: 0
   Correct: 0

💰 TRADING PERFORMANCE
   Portfolio Value: $1,000,000.00
   Total P&L: 0.00%
   Win Rate: 0.0%
   Max Drawdown: 0.0%

============================================================
